<?xml version="1.0" encoding="UTF-8"?>
<testsuite name="SimpleCalculationTest" tests="2" skipped="0" failures="0" errors="0" timestamp="2022-06-05T16:52:52" hostname="DESKTOP-4M0DFRN" time="0.015">
  <properties/>
  <testcase name="subtract" classname="SimpleCalculationTest" time="0.015"/>
  <testcase name="multiply" classname="SimpleCalculationTest" time="0.0"/>
  <system-out><![CDATA[]]></system-out>
  <system-err><![CDATA[]]></system-err>
</testsuite>
